<?xml version="1.0" encoding="UTF-8"?>
<!-- Generated by org.testng.reporters.JUnitReportReporter -->
<testsuite skipped="0" hostname="DESKTOP-SI8EPIA" name="com.moolya.cleartrip.TestSuite" tests="13" failures="0" timestamp="18 Dec 2020 15:52:31 GMT" time="37.694" errors="0">
  <testcase name="SelectFight" time="4.795" classname="com.moolya.cleartrip.TestSuite"/>
  <testcase name="SelectOneWay" time="0.141" classname="com.moolya.cleartrip.TestSuite"/>
  <testcase name="SelectCities" time="0.470" classname="com.moolya.cleartrip.TestSuite"/>
  <testcase name="SelectDate" time="0.153" classname="com.moolya.cleartrip.TestSuite"/>
  <testcase name="SelectPassengers" time="0.251" classname="com.moolya.cleartrip.TestSuite"/>
  <testcase name="SearchFlights" time="0.080" classname="com.moolya.cleartrip.TestSuite"/>
  <testcase name="NonStop" time="13.859" classname="com.moolya.cleartrip.TestSuite"/>
  <testcase name="Price" time="0.497" classname="com.moolya.cleartrip.TestSuite"/>
  <testcase name="uncheckBox" time="0.161" classname="com.moolya.cleartrip.TestSuite"/>
  <testcase name="Book" time="0.241" classname="com.moolya.cleartrip.TestSuite"/>
  <testcase name="ContactDetails" time="9.955" classname="com.moolya.cleartrip.TestSuite"/>
  <testcase name="details" time="1.198" classname="com.moolya.cleartrip.TestSuite"/>
  <testcase name="travellerDetails" time="5.893" classname="com.moolya.cleartrip.TestSuite"/>
</testsuite> <!-- com.moolya.cleartrip.TestSuite -->
