<?xml version="1.0" encoding="UTF-8"?>
<!-- Generated by org.testng.reporters.JUnitReportReporter -->
<testsuite skipped="0" hostname="DESKTOP-SI8EPIA" name="demoscroll.NewTest" tests="13" failures="0" timestamp="18 Dec 2020 15:22:27 GMT" time="43.746" errors="0">
  <testcase name="SelectFight" time="9.335" classname="demoscroll.NewTest"/>
  <testcase name="SelectOneWay" time="0.153" classname="demoscroll.NewTest"/>
  <testcase name="SelectCities" time="0.537" classname="demoscroll.NewTest"/>
  <testcase name="SelectDate" time="0.170" classname="demoscroll.NewTest"/>
  <testcase name="SelectPassengers" time="0.304" classname="demoscroll.NewTest"/>
  <testcase name="SearchFlights" time="0.085" classname="demoscroll.NewTest"/>
  <testcase name="NonStop" time="13.628" classname="demoscroll.NewTest"/>
  <testcase name="Price" time="0.664" classname="demoscroll.NewTest"/>
  <testcase name="Book" time="0.299" classname="demoscroll.NewTest"/>
  <testcase name="uncheckBox" time="0.165" classname="demoscroll.NewTest"/>
  <testcase name="ContactDetails" time="9.870" classname="demoscroll.NewTest"/>
  <testcase name="details" time="1.189" classname="demoscroll.NewTest"/>
  <testcase name="travellerDetails" time="7.347" classname="demoscroll.NewTest"/>
</testsuite> <!-- demoscroll.NewTest -->
